#-----------------------------------------------------------
# Vivado v2018.3 (64-bit)
# SW Build 2405991 on Thu Dec  6 23:38:27 MST 2018
# IP Build 2404404 on Fri Dec  7 01:43:56 MST 2018
# Start of session at: Sun May 12 18:30:45 2019
# Process ID: 728
# Current directory: C:/Users/sam/Desktop/Facu/Arqui I/Laboratorio/project_3
# Command line: vivado.exe -gui_launcher_event rodinguilauncherevent2396 C:\Users\sam\Desktop\Facu\Arqui I\Laboratorio\project_3\project_3.xpr
# Log file: C:/Users/sam/Desktop/Facu/Arqui I/Laboratorio/project_3/vivado.log
# Journal file: C:/Users/sam/Desktop/Facu/Arqui I/Laboratorio/project_3\vivado.jou
#-----------------------------------------------------------
start_gui
open_project -part xcvu065-ffvc1517-1-i {C:/Users/sam/Desktop/Facu/Arqui I/Laboratorio/project_3/project_3.xpr}
INFO: [Project 1-313] Project file moved from 'D:/project_3' since last save.
Scanning sources...
Finished scanning sources
INFO: [Project 1-573] Overriding 'synth_1' run's part, 'xc7vx485tffg1157-1', with new part: 'xcvu065-ffvc1517-1-i'.
INFO: [Project 1-573] Overriding 'impl_1' run's part, 'xc7vx485tffg1157-1', with new part: 'xcvu065-ffvc1517-1-i'.
INFO: [Project 1-563] Overriding project part, 'xc7vx485tffg1157-1', with new part: 'xcvu065-ffvc1517-1-i'.
INFO: [IP_Flow 19-234] Refreshing IP repositories
INFO: [IP_Flow 19-1704] No user IP repositories specified
INFO: [IP_Flow 19-2313] Loaded Vivado IP repository 'C:/Xilinx/Vivado/2018.3/data/ip'.
open_project: Time (s): cpu = 00:00:23 ; elapsed = 00:00:12 . Memory (MB): peak = 663.078 ; gain = 77.539
update_compile_order -fileset sources_1
