#-----------------------------------------------------------
# Vivado v2014.4 (64-bit)
# SW Build 1071353 on Tue Nov 18 18:24:04 MST 2014
# IP Build 1070531 on Tue Nov 18 01:10:18 MST 2014
# Start of session at: Mon Jun 10 03:35:39 2019
# Process ID: 4528
# Log file: C:/Users/leand/Documents/GitHub/MIPS-multiciclo-arqui/Procesador MIPS Multiciclo/vivado.log
# Journal file: C:/Users/leand/Documents/GitHub/MIPS-multiciclo-arqui/Procesador MIPS Multiciclo\vivado.jou
#-----------------------------------------------------------
start_gui
open_project {C:/Users/leand/Documents/GitHub/MIPS-multiciclo-arqui/Procesador MIPS Multiciclo/Procesador MIPS Multiciclo.xpr}
Scanning sources...
Finished scanning sources
INFO: [IP_Flow 19-234] Refreshing IP repositories
INFO: [IP_Flow 19-1704] No user IP repositories specified
INFO: [Common 17-41] Interrupt caught. Command should exit soon.
INFO: [IP_Flow 19-2313] Loaded Vivado IP repository 'C:/Xilinx/Vivado/2014.4/data/ip'.
INFO: [IP_Flow 19-2338] Canceling the changes to the IP catalog. Reverting the catalog back to its previous state.
INFO: [IP_Flow 19-2340] The IP catalog has been returned to its previous state.
INFO: [Common 17-344] 'open_project' was cancelled
update_compile_order -fileset sources_1
exit
INFO: [Common 17-206] Exiting Vivado at Mon Jun 10 03:37:40 2019...
